<?xml version="1.0" encoding="UTF-8"?>
<!-- Generated by org.testng.reporters.JUnitReportReporter -->
<testsuite skipped="0" hostname="DESKTOP-PLQ0LQG" name="testngpractice.TC004_TDBanking_MouseActions" tests="1" failures="0" timestamp="03 Apr 2022 22:35:59 GMT" time="18.791" errors="0">
  <testcase name="MouseMovementOnProducts" time="18.791" classname="testngpractice.TC004_TDBanking_MouseActions"/>
</testsuite> <!-- testngpractice.TC004_TDBanking_MouseActions -->
