<?xml version="1.0" encoding="UTF-8"?>
<!-- Generated by org.testng.reporters.JUnitReportReporter -->
<testsuite skipped="0" hostname="DESKTOP-PLQ0LQG" name="testngpractice.TC009_HeroPageAlertTest" tests="1" failures="0" timestamp="05 Apr 2022 21:00:47 GMT" time="7.284" errors="0">
  <testcase name="HeroPageAlert" time="7.284" classname="testngpractice.TC009_HeroPageAlertTest"/>
</testsuite> <!-- testngpractice.TC009_HeroPageAlertTest -->
