<?xml version="1.0" encoding="UTF-8"?>
<!-- Generated by org.testng.reporters.JUnitReportReporter -->
<testsuite skipped="0" hostname="DESKTOP-PLQ0LQG" name="testngpractice.TC006_StaleElementExceptionPractice" tests="1" failures="0" timestamp="05 Apr 2022 01:37:06 GMT" time="12.951" errors="0">
  <testcase name="TDStaleTest" time="12.951" classname="testngpractice.TC006_StaleElementExceptionPractice"/>
</testsuite> <!-- testngpractice.TC006_StaleElementExceptionPractice -->
