<?xml version="1.0" encoding="UTF-8"?>
<!-- Generated by org.testng.reporters.JUnitReportReporter -->
<testsuite skipped="0" hostname="DESKTOP-PLQ0LQG" name="xmlTest.TC007_DatePicker" tests="1" failures="0" timestamp="10 Apr 2022 20:47:00 GMT" time="12.810" errors="0">
  <testcase name="DatePickerTest" time="12.810" classname="xmlTest.TC007_DatePicker"/>
</testsuite> <!-- xmlTest.TC007_DatePicker -->
