<?xml version="1.0" encoding="UTF-8"?>
<!-- Generated by org.testng.reporters.JUnitReportReporter -->
<testsuite skipped="0" hostname="DESKTOP-PLQ0LQG" name="testngpractice.TC005_ScreenshotTest" tests="1" failures="0" timestamp="05 Apr 2022 22:43:26 GMT" time="17.494" errors="0">
  <testcase name="TDBankScreenshot" time="17.494" classname="testngpractice.TC005_ScreenshotTest"/>
</testsuite> <!-- testngpractice.TC005_ScreenshotTest -->
