<?xml version="1.0" encoding="UTF-8"?>
<!-- Generated by org.testng.reporters.JUnitReportReporter -->
<testsuite skipped="0" hostname="DESKTOP-PLQ0LQG" name="testngpractice.TC012_OrangeHRMWindowHandles" tests="1" failures="0" timestamp="06 Apr 2022 23:13:25 GMT" time="12.964" errors="0">
  <testcase name="windowHandleTest" time="12.964" classname="testngpractice.TC012_OrangeHRMWindowHandles"/>
</testsuite> <!-- testngpractice.TC012_OrangeHRMWindowHandles -->
