<?xml version="1.0" encoding="UTF-8"?>
<!-- Generated by org.testng.reporters.JUnitReportReporter -->
<testsuite skipped="0" hostname="DESKTOP-PLQ0LQG" name="testngpractice.TC003_AlertsTest" tests="3" failures="0" timestamp="05 Apr 2022 20:04:52 GMT" time="38.596" errors="0">
  <testcase name="AlertAccept" time="10.531" classname="testngpractice.TC003_AlertsTest"/>
  <testcase name="AlertDismiss" time="16.213" classname="testngpractice.TC003_AlertsTest"/>
  <testcase name="AlertWithTextBox" time="11.852" classname="testngpractice.TC003_AlertsTest"/>
</testsuite> <!-- testngpractice.TC003_AlertsTest -->
