<?xml version="1.0" encoding="UTF-8"?>
<!-- Generated by org.testng.reporters.JUnitReportReporter -->
<testsuite skipped="0" hostname="DESKTOP-PLQ0LQG" name="testngpractice.TC011_Multiselect" tests="1" failures="0" timestamp="05 Apr 2022 23:15:31 GMT" time="12.712" errors="0">
  <testcase name="multiselectTest" time="12.712" classname="testngpractice.TC011_Multiselect"/>
</testsuite> <!-- testngpractice.TC011_Multiselect -->
