<?xml version="1.0" encoding="UTF-8"?>
<!-- Generated by org.testng.reporters.JUnitReportReporter -->
<testsuite skipped="0" hostname="DESKTOP-PLQ0LQG" name="testngpractice.TC007_DatePicker" tests="1" failures="0" timestamp="08 Apr 2022 02:44:35 GMT" time="17.027" errors="0">
  <testcase name="DatePickerTest" time="17.027" classname="testngpractice.TC007_DatePicker"/>
</testsuite> <!-- testngpractice.TC007_DatePicker -->
