<?xml version="1.0" encoding="UTF-8"?>
<!-- Generated by org.testng.reporters.JUnitReportReporter -->
<testsuite skipped="0" hostname="DESKTOP-PLQ0LQG" name="testngpractice.TC010_JSToOpenSite" tests="1" failures="0" timestamp="05 Apr 2022 22:34:18 GMT" time="5.719" errors="0">
  <testcase name="SetUp" time="5.719" classname="testngpractice.TC010_JSToOpenSite"/>
</testsuite> <!-- testngpractice.TC010_JSToOpenSite -->
